0 info it worked if it ends with ok
1 verbose cli [ 'C:\\programms\\node_modules\\node.exe',
1 verbose cli   'C:\\programms\\node_modules\\npm\\bin\\npm-cli.js',
1 verbose cli   'run',
1 verbose cli   'start',
1 verbose cli   '--scripts-prepend-node-path=auto' ]
2 info using npm@3.10.10
3 info using node@v6.10.3
4 verbose run-script [ 'prestart', 'start', 'poststart' ]
5 info lifecycle untitled@1.0.0~prestart: untitled@1.0.0
6 silly lifecycle untitled@1.0.0~prestart: no script for prestart, continuing
7 info lifecycle untitled@1.0.0~start: untitled@1.0.0
8 verbose lifecycle untitled@1.0.0~start: unsafe-perm in lifecycle true
9 verbose lifecycle untitled@1.0.0~start: PATH: C:\programms\node_modules\npm\bin\node-gyp-bin;C:\Users\Roman\WebstormProjects\untitled\node_modules\.bin;C:\Program Files (x86)\Common Files\Intel\Shared Files\cpp\bin\Intel64;C:\ProgramData\Oracle\Java\javapath;C:\WINDOWS\system32;C:\WINDOWS;C:\WINDOWS\System32\Wbem;C:\WINDOWS\System32\WindowsPowerShell\v1.0\;C:\programms\;C:\Program Files\Intel\WiFi\bin\;C:\Program Files\Common Files\Intel\WirelessCommon\;C:\Program Files (x86)\Skype\Phone\;C:\Program Files\Microsoft SQL Server\130\Tools\Binn\;C:\Program Files\dotnet\;C:\Program Files (x86)\Microsoft SQL Server\Client SDK\ODBC\130\Tools\Binn\;C:\Program Files (x86)\Microsoft SQL Server\140\Tools\Binn\;C:\Program Files (x86)\Microsoft SQL Server\140\DTS\Binn\;C:\Program Files (x86)\Microsoft SQL Server\140\Tools\Binn\ManagementStudio\;C:\Program Files\Microsoft SQL Server\Client SDK\ODBC\130\Tools\Binn\;C:\Program Files\Microsoft SQL Server\140\Tools\Binn\;C:\Program Files\Microsoft SQL Server\140\DTS\Binn\;C:\Program Files\MATLAB\R2014b\runtime\win64;C:\Program Files\MATLAB\R2014b\bin;C:\Program Files\MATLAB\R2014b\polyspace\bin;C:\WINDOWS\System32\OpenSSH\;C:\Users\Roman\AppData\Local\GitHubDesktop\bin;C:\Program Files\Git\cmd;C:\Program Files\Git\mingw64\bin;C:\Program Files\Git\usr\bin;C:\Users\Roman\Miniconda3;C:\Users\Roman\Miniconda3\Library\mingw-w64\bin;C:\Users\Roman\Miniconda3\Library\usr\bin;C:\Users\Roman\Miniconda3\Library\bin;C:\Users\Roman\Miniconda3\Scripts;C:\Users\Roman\AppData\Local\Microsoft\WindowsApps;C:\Program Files\Intel\WiFi\bin\;C:\Program Files\Common Files\Intel\WirelessCommon\;C:\Users\Roman\AppData\Roaming\npm;C:\programms\node_modules;C:\Program Files\heroku\bin;C:\Users\Roman\WebstormProjects\untitled\bin;
10 verbose lifecycle untitled@1.0.0~start: CWD: C:\Users\Roman\WebstormProjects\untitled
11 silly lifecycle untitled@1.0.0~start: Args: [ '/d /s /c', 'node ./src/index.js' ]
12 silly lifecycle untitled@1.0.0~start: Returned: code: 1  signal: null
13 info lifecycle untitled@1.0.0~start: Failed to exec start script
14 verbose stack Error: untitled@1.0.0 start: `node ./src/index.js`
14 verbose stack Exit status 1
14 verbose stack     at EventEmitter.<anonymous> (C:\programms\node_modules\npm\lib\utils\lifecycle.js:255:16)
14 verbose stack     at emitTwo (events.js:106:13)
14 verbose stack     at EventEmitter.emit (events.js:191:7)
14 verbose stack     at ChildProcess.<anonymous> (C:\programms\node_modules\npm\lib\utils\spawn.js:40:14)
14 verbose stack     at emitTwo (events.js:106:13)
14 verbose stack     at ChildProcess.emit (events.js:191:7)
14 verbose stack     at maybeClose (internal/child_process.js:886:16)
14 verbose stack     at Process.ChildProcess._handle.onexit (internal/child_process.js:226:5)
15 verbose pkgid untitled@1.0.0
16 verbose cwd C:\Users\Roman\WebstormProjects\untitled
17 error Windows_NT 10.0.17134
18 error argv "C:\\programms\\node_modules\\node.exe" "C:\\programms\\node_modules\\npm\\bin\\npm-cli.js" "run" "start" "--scripts-prepend-node-path=auto"
19 error node v6.10.3
20 error npm  v3.10.10
21 error code ELIFECYCLE
22 error untitled@1.0.0 start: `node ./src/index.js`
22 error Exit status 1
23 error Failed at the untitled@1.0.0 start script 'node ./src/index.js'.
23 error Make sure you have the latest version of node.js and npm installed.
23 error If you do, this is most likely a problem with the untitled package,
23 error not with npm itself.
23 error Tell the author that this fails on your system:
23 error     node ./src/index.js
23 error You can get information on how to open an issue for this project with:
23 error     npm bugs untitled
23 error Or if that isn't available, you can get their info via:
23 error     npm owner ls untitled
23 error There is likely additional logging output above.
24 verbose exit [ 1, true ]
